[14:23:45] [main/INFO]: Using mbed TLS based native cipher.
[14:23:45] [main/INFO]: Using zlib based native compressor.
[14:23:45] [main/INFO]: Enabled Waterfall version git:Waterfall-Bootstrap:1.19-R0.1-SNAPSHOT:f6069e2:513
[14:23:45] [main/INFO]: Not on Windows, attempting to use enhanced EpollEventLoop
[14:23:45] [main/INFO]: Epoll is working, utilising it!
[14:23:46] [main/INFO]: Discovered module: ModuleSpec(name=cmd_alert, file=modules/cmd_alert.jar, provider=JenkinsModuleSource())
[14:23:46] [main/INFO]: Discovered module: ModuleSpec(name=cmd_find, file=modules/cmd_find.jar, provider=JenkinsModuleSource())
[14:23:46] [main/INFO]: Discovered module: ModuleSpec(name=cmd_list, file=modules/cmd_list.jar, provider=JenkinsModuleSource())
[14:23:46] [main/INFO]: Discovered module: ModuleSpec(name=cmd_send, file=modules/cmd_send.jar, provider=JenkinsModuleSource())
[14:23:46] [main/INFO]: Discovered module: ModuleSpec(name=cmd_server, file=modules/cmd_server.jar, provider=JenkinsModuleSource())
[14:23:46] [main/INFO]: Discovered module: ModuleSpec(name=reconnect_yaml, file=modules/reconnect_yaml.jar, provider=JenkinsModuleSource())
[14:23:46] [main/INFO]: Attempting to update plugin from null to ModuleVersion(build=513, git=f6069e2)
[14:23:46] [main/INFO]: Attempting to Jenkins download module cmd_alert v513
[14:23:46] [main/INFO]: Download complete
[14:23:46] [main/INFO]: Attempting to update plugin from null to ModuleVersion(build=513, git=f6069e2)
[14:23:46] [main/INFO]: Attempting to Jenkins download module cmd_find v513
[14:23:46] [main/INFO]: Download complete
[14:23:46] [main/INFO]: Attempting to update plugin from null to ModuleVersion(build=513, git=f6069e2)
[14:23:46] [main/INFO]: Attempting to Jenkins download module cmd_list v513
[14:23:46] [main/INFO]: Download complete
[14:23:46] [main/INFO]: Attempting to update plugin from null to ModuleVersion(build=513, git=f6069e2)
[14:23:46] [main/INFO]: Attempting to Jenkins download module cmd_send v513
[14:23:46] [main/INFO]: Download complete
[14:23:46] [main/INFO]: Attempting to update plugin from null to ModuleVersion(build=513, git=f6069e2)
[14:23:46] [main/INFO]: Attempting to Jenkins download module cmd_server v513
[14:23:46] [main/INFO]: Download complete
[14:23:46] [main/INFO]: Attempting to update plugin from null to ModuleVersion(build=513, git=f6069e2)
[14:23:46] [main/INFO]: Attempting to Jenkins download module reconnect_yaml v513
[14:23:46] [main/INFO]: Download complete
[14:23:46] [main/INFO]: Loaded plugin reconnect_yaml version git:reconnect_yaml:1.19-R0.1-SNAPSHOT:f6069e2:513 by WaterfallMC
[14:23:46] [main/INFO]: Loaded plugin cmd_find version git:cmd_find:1.19-R0.1-SNAPSHOT:f6069e2:513 by WaterfallMC
[14:23:46] [main/INFO]: Loaded plugin cmd_server version git:cmd_server:1.19-R0.1-SNAPSHOT:f6069e2:513 by WaterfallMC
[14:23:46] [main/INFO]: Loaded plugin cmd_alert version git:cmd_alert:1.19-R0.1-SNAPSHOT:f6069e2:513 by WaterfallMC
[14:23:46] [main/INFO]: Loaded plugin cmd_send version git:cmd_send:1.19-R0.1-SNAPSHOT:f6069e2:513 by WaterfallMC
[14:23:46] [main/INFO]: Loaded plugin cmd_list version git:cmd_list:1.19-R0.1-SNAPSHOT:f6069e2:513 by WaterfallMC
[14:23:46] [main/WARN]: :>:>:>:>:>:>:>:>:>:>:>:>:>:>:>:>:>:>:>:>:>:>:>
[14:23:46] [main/WARN]: :>  
[14:23:46] [main/WARN]: :>      EAGLERCRAFTXBUNGEE WARNING:
[14:23:46] [main/WARN]: :>  
[14:23:46] [main/WARN]: :>  This plugin wasn't tested to be 'working'
[14:23:46] [main/WARN]: :>  with ANY version of BungeeCord (and forks)
[14:23:46] [main/WARN]: :>  apart from the versions listed below:
[14:23:46] [main/WARN]: :>  
[14:23:46] [main/WARN]: :>  - BungeeCord: 1.20-R0.3-SNAPSHOT:eda268b:1797
[14:23:46] [main/WARN]: :>  - Waterfall: 1.20-R0.2-SNAPSHOT:92b5149:562
[14:23:46] [main/WARN]: :>  - FlameCord: 1.1.1
[14:23:46] [main/WARN]: :>  
[14:23:46] [main/WARN]: :>  This is not a Bukkit/Spigot plugin!
[14:23:46] [main/WARN]: :>  
[14:23:46] [main/WARN]: :>  Use "-Deaglerxbungee.stfu=true" to hide
[14:23:46] [main/WARN]: :>  
[14:23:46] [main/WARN]: :>:>:>:>:>:>:>:>:>:>:>:>:>:>:>:>:>:>:>:>:>:>:>
[14:23:46] [main/INFO] [EaglercraftXBungee]: Loading vanilla profile: lax1dude
[14:23:47] [Skin Download Thread #1/INFO] [EaglercraftXBungee]: Loaded vanilla profile: lax1dude
[14:23:47] [main/INFO]: Loaded plugin EaglercraftXBungee version 1.0.10 by lax1dude
[14:23:47] [main/WARN]: Forced host server pvp is not defined
[14:23:47] [main/INFO]: Enabled plugin reconnect_yaml version git:reconnect_yaml:1.19-R0.1-SNAPSHOT:f6069e2:513 by WaterfallMC
[14:23:47] [main/INFO]: Enabled plugin cmd_find version git:cmd_find:1.19-R0.1-SNAPSHOT:f6069e2:513 by WaterfallMC
[14:23:47] [main/INFO]: Enabled plugin cmd_server version git:cmd_server:1.19-R0.1-SNAPSHOT:f6069e2:513 by WaterfallMC
[14:23:47] [main/INFO]: Enabled plugin cmd_alert version git:cmd_alert:1.19-R0.1-SNAPSHOT:f6069e2:513 by WaterfallMC
[14:23:47] [main/INFO]: Enabled plugin cmd_send version git:cmd_send:1.19-R0.1-SNAPSHOT:f6069e2:513 by WaterfallMC
[14:23:47] [main/INFO]: Enabled plugin cmd_list version git:cmd_list:1.19-R0.1-SNAPSHOT:f6069e2:513 by WaterfallMC
[14:23:47] [main/ERROR] [EaglercraftXBungee]: Online mode is set to false! Authentication system has been disabled
[14:23:47] [Netty Worker IO Thread #0/INFO] [EaglercraftXBungee]: Eaglercraft is listening on: /0.0.0.0:8081
[14:23:47] [main/INFO] [EaglercraftXBungee]: Downloading from maven: https://repo1.maven.org/maven2/org/xerial/sqlite-jdbc/3.45.0.0/sqlite-jdbc-3.45.0.0.jar
[14:23:47] [EaglerXBungee: Network Tick Tasks/INFO] [EaglercraftXBungee]: Downloading new certificate: https://eaglercraft.com/backup.cert
[14:23:48] [main/INFO] [EaglercraftXBungee]: Connected to database: jdbc:sqlite:eaglercraft_skins_cache.db
[14:23:48] [main/INFO]: Enabled plugin EaglercraftXBungee version 1.0.10 by lax1dude
[14:23:48] [Netty Boss IO Thread #0/INFO]: Listening on /127.0.0.1:25577
[14:23:48] [EaglerXBungee: Network Tick Tasks/INFO] [EaglercraftXBungee]: Loaded certificate: /workspaces/server1/bungee/plugins/EaglercraftXBungee/eagcert/$dl.2c63d6a9be9d273db57d50cb026093cb97ea6e54.cert
[14:25:15] [Netty Worker IO Thread #0/WARN] [EaglercraftXBungee]: Server icon is not a file: /workspaces/server1/bungee/server-icon.png
[14:25:17] [Netty Worker IO Thread #1/INFO] [EaglercraftXBungee]: [/[0:0:0:0:0:0:0:1%0]:54088]: Connected via websocket
[14:25:17] [Netty Worker IO Thread #1/INFO] [EaglercraftXBungee]: [/[0:0:0:0:0:0:0:1%0]:54088]: Origin header is http://localhost:8081
[14:25:17] [Netty Worker IO Thread #1/INFO] [EaglercraftXBungee]: [/[0:0:0:0:0:0:0:1%0]:54088]: Logged in as 'EaglerEagler551'
[14:25:17] [Netty Worker IO Thread #1/INFO]: [/[0:0:0:0:0:0:0:1%0]:54088|EaglerEagler551] -> UpstreamBridge has connected
[14:25:17] [Netty Worker IO Thread #1/WARN]: Error occurred processing connection for EaglerEagler551 AnnotatedConnectException : finishConnect(..) failed: Connection refused: localhost/127.0.0.1:25565
[14:25:17] [Netty Worker IO Thread #1/INFO]: [EaglerEagler551] disconnected with: Could not connect to a default or fallback server. Incorrectly configured address/port/firewall? 
[14:25:17] [Netty Worker IO Thread #1/INFO]: [/[0:0:0:0:0:0:0:1%0]:54088|EaglerEagler551] -> UpstreamBridge has disconnected
[14:25:40] [Netty Worker IO Thread #2/INFO] [EaglercraftXBungee]: [/[0:0:0:0:0:0:0:1%0]:58898]: Connected via websocket
[14:25:40] [Netty Worker IO Thread #2/INFO] [EaglercraftXBungee]: [/[0:0:0:0:0:0:0:1%0]:58898]: Origin header is http://localhost:8081
[14:25:40] [Netty Worker IO Thread #2/INFO] [EaglercraftXBungee]: [/[0:0:0:0:0:0:0:1%0]:58898]: Logged in as 'EaglerEagler551'
[14:25:40] [Netty Worker IO Thread #2/INFO]: [/[0:0:0:0:0:0:0:1%0]:58898|EaglerEagler551] -> UpstreamBridge has connected
[14:25:40] [Netty Worker IO Thread #2/WARN]: Error occurred processing connection for EaglerEagler551 AnnotatedConnectException : finishConnect(..) failed: Connection refused: localhost/127.0.0.1:25565
[14:25:40] [Netty Worker IO Thread #2/INFO]: [EaglerEagler551] disconnected with: Could not connect to a default or fallback server. Incorrectly configured address/port/firewall? 
[14:25:40] [Netty Worker IO Thread #2/INFO]: [/[0:0:0:0:0:0:0:1%0]:58898|EaglerEagler551] -> UpstreamBridge has disconnected
[14:30:10] [Netty Worker IO Thread #0/INFO] [EaglercraftXBungee]: [/[0:0:0:0:0:0:0:1%0]:48600]: Connected via websocket
[14:30:10] [Netty Worker IO Thread #0/INFO] [EaglercraftXBungee]: [/[0:0:0:0:0:0:0:1%0]:48600]: Origin header is https://andrew123a.github.io
[14:30:10] [Netty Worker IO Thread #0/INFO] [EaglercraftXBungee]: [/[0:0:0:0:0:0:0:1%0]:48600]: Logged in as 'ThisIsSteve'
[14:30:10] [Netty Worker IO Thread #0/INFO]: [/[0:0:0:0:0:0:0:1%0]:48600|ThisIsSteve] -> UpstreamBridge has connected
[14:30:10] [Netty Worker IO Thread #0/WARN]: Error occurred processing connection for ThisIsSteve AnnotatedConnectException : finishConnect(..) failed: Connection refused: localhost/127.0.0.1:25565
[14:30:10] [Netty Worker IO Thread #0/INFO]: [ThisIsSteve] disconnected with: Could not connect to a default or fallback server. Incorrectly configured address/port/firewall? 
[14:30:10] [Netty Worker IO Thread #0/INFO]: [/[0:0:0:0:0:0:0:1%0]:48600|ThisIsSteve] -> UpstreamBridge has disconnected
[14:30:42] [Netty Worker IO Thread #1/INFO] [EaglercraftXBungee]: [/[0:0:0:0:0:0:0:1%0]:43968]: Connected via websocket
[14:30:42] [Netty Worker IO Thread #1/INFO] [EaglercraftXBungee]: [/[0:0:0:0:0:0:0:1%0]:43968]: Origin header is https://andrew123a.github.io
[14:30:42] [Netty Worker IO Thread #1/INFO] [EaglercraftXBungee]: [/[0:0:0:0:0:0:0:1%0]:43968]: Logged in as 'ThisIsSteve'
[14:30:42] [Netty Worker IO Thread #1/INFO]: [/[0:0:0:0:0:0:0:1%0]:43968|ThisIsSteve] -> UpstreamBridge has connected
[14:30:42] [Netty Worker IO Thread #1/WARN]: Error occurred processing connection for ThisIsSteve AnnotatedConnectException : finishConnect(..) failed: Connection refused: localhost/127.0.0.1:25565
[14:30:42] [Netty Worker IO Thread #1/INFO]: [ThisIsSteve] disconnected with: Could not connect to a default or fallback server. Incorrectly configured address/port/firewall? 
[14:30:42] [Netty Worker IO Thread #1/INFO]: [/[0:0:0:0:0:0:0:1%0]:43968|ThisIsSteve] -> UpstreamBridge has disconnected
